<?xml version="1.0" encoding="UTF-8"?>
<testsuite name="com.example.userService.UserServiceApplicationTests" tests="1" skipped="0" failures="0" errors="0" timestamp="2025-06-24T10:30:45.192Z" hostname="DESKTOP-TGVCMCQ" time="1.539">
  <properties/>
  <testcase name="contextLoads()" classname="com.example.userService.UserServiceApplicationTests" time="1.539"/>
  <system-out><![CDATA[16:00:42.034 [Test worker] INFO org.springframework.test.context.support.AnnotationConfigContextLoaderUtils -- Could not detect default configuration classes for test class [com.example.userService.UserServiceApplicationTests]: UserServiceApplicationTests does not declare any static, non-private, non-final, nested classes annotated with @Configuration.
16:00:42.211 [Test worker] INFO org.springframework.boot.test.context.SpringBootTestContextBootstrapper -- Found @SpringBootConfiguration com.example.userService.UserServiceApplication for test class com.example.userService.UserServiceApplicationTests

  .   ____          _            __ _ _
 /\\ / ___'_ __ _ _(_)_ __  __ _ \ \ \ \
( ( )\___ | '_ | '_| | '_ \/ _` | \ \ \ \
 \\/  ___)| |_)| | | | | || (_| |  ) ) ) )
  '  |____| .__|_| |_|_| |_\__, | / / / /
 =========|_|==============|___/=/_/_/_/
 :: Spring Boot ::                (v3.2.5)

2025-06-24T16:00:43.174+05:30  INFO 9280 --- [userService] [    Test worker] c.e.u.UserServiceApplicationTests        : Starting UserServiceApplicationTests using Java 23-valhalla with PID 9280 (started by dell in C:\Users\dell\Downloads\userService)
2025-06-24T16:00:43.175+05:30  INFO 9280 --- [userService] [    Test worker] c.e.u.UserServiceApplicationTests        : No active profile set, falling back to 1 default profile: "default"
2025-06-24T16:00:45.172+05:30  INFO 9280 --- [userService] [    Test worker] c.e.u.UserServiceApplicationTests        : Started UserServiceApplicationTests in 2.634 seconds (process running for 5.117)
]]></system-out>
  <system-err><![CDATA[WARNING: A Java agent has been loaded dynamically (C:\Users\dell\.gradle\caches\modules-2\files-2.1\net.bytebuddy\byte-buddy-agent\1.14.13\979ce25f7d3096a2e82214ba7dc972a05ce7a171\byte-buddy-agent-1.14.13.jar)
WARNING: If a serviceability tool is in use, please run with -XX:+EnableDynamicAgentLoading to hide this warning
WARNING: If a serviceability tool is not in use, please run with -Djdk.instrument.traceUsage for more information
WARNING: Dynamic loading of agents will be disallowed by default in a future release
]]></system-err>
</testsuite>
